INFO: [VRFC 10-163] Analyzing VHDL file "C:/Users/weise/Desktop/RAT_MCU_v2/RAT_MCU.srcs/sources_1/imports/weise/Desktop/RAT4/RAT4.srcs/sources_1/new/ALU.vhd" into library xil_defaultlib
INFO: [VRFC 10-307] analyzing entity ALU
INFO: [VRFC 10-163] Analyzing VHDL file "C:/Users/weise/Desktop/RAT_MCU_v2/RAT_MCU.srcs/sources_1/new/ALU_MUX.vhd" into library xil_defaultlib
INFO: [VRFC 10-307] analyzing entity ALU_MUX
INFO: [VRFC 10-163] Analyzing VHDL file "C:/Users/weise/Desktop/RAT_MCU_v2/RAT_MCU.srcs/sources_1/imports/weise/Desktop/RAT5/RAT5.srcs/sources_1/new/ControlUnit.vhd" into library xil_defaultlib
INFO: [VRFC 10-307] analyzing entity ControlUnit
INFO: [VRFC 10-163] Analyzing VHDL file "C:/Users/weise/Desktop/RAT_MCU_v2/RAT_MCU.srcs/sources_1/new/MCU.vhd" into library xil_defaultlib
INFO: [VRFC 10-307] analyzing entity MCU
INFO: [VRFC 10-163] Analyzing VHDL file "C:/Users/weise/Desktop/RAT_MCU_v2/RAT_MCU.srcs/sources_1/imports/weise/Desktop/rat_2/rat_2.srcs/sources_1/new/PC.vhd" into library xil_defaultlib
INFO: [VRFC 10-307] analyzing entity PC
INFO: [VRFC 10-163] Analyzing VHDL file "C:/Users/weise/Desktop/RAT_MCU_v2/RAT_MCU.srcs/sources_1/new/RAT_wrapper.vhd" into library xil_defaultlib
INFO: [VRFC 10-307] analyzing entity RAT_wrapper
INFO: [VRFC 10-163] Analyzing VHDL file "C:/Users/weise/Desktop/RAT_MCU_v2/RAT_MCU.srcs/sources_1/imports/weise/Desktop/REG_FILE/REG_FILE.srcs/sources_1/new/REG_FILE.vhd" into library xil_defaultlib
INFO: [VRFC 10-307] analyzing entity REG_FILE
INFO: [VRFC 10-163] Analyzing VHDL file "C:/Users/weise/Desktop/RAT_MCU_v2/RAT_MCU.srcs/sources_1/imports/Desktop/REG_FILE/REG_FILE.srcs/sources_1/new/Scratch_RAM.vhd" into library xil_defaultlib
INFO: [VRFC 10-307] analyzing entity Scratch_RAM
INFO: [VRFC 10-163] Analyzing VHDL file "C:/Users/weise/Desktop/RAT_MCU_v2/RAT_MCU.srcs/sources_1/new/counter_for_one_shot.vhd" into library xil_defaultlib
INFO: [VRFC 10-307] analyzing entity counter
INFO: [VRFC 10-163] Analyzing VHDL file "C:/Users/weise/Desktop/RAT_MCU_v2/RAT_MCU.srcs/sources_1/new/cz_flags.vhd" into library xil_defaultlib
INFO: [VRFC 10-307] analyzing entity cz_flags
INFO: [VRFC 10-163] Analyzing VHDL file "C:/Users/weise/Desktop/RAT_MCU_v2/RAT_MCU.srcs/sources_1/new/debounce_one_shot_FSM.vhd" into library xil_defaultlib
INFO: [VRFC 10-307] analyzing entity db_1shot_FSM
INFO: [VRFC 10-163] Analyzing VHDL file "C:/Users/weise/Desktop/RAT_MCU_v2/RAT_MCU.srcs/sources_1/new/int_f.vhd" into library xil_defaultlib
INFO: [VRFC 10-307] analyzing entity int_f
INFO: [VRFC 10-163] Analyzing VHDL file "C:/Users/weise/Desktop/RAT_MCU_v2/RAT_MCU.srcs/sources_1/imports/weise/Desktop/rat_2/rat_2.srcs/sources_1/new/pc_mux.vhd" into library xil_defaultlib
INFO: [VRFC 10-307] analyzing entity pc_mux
INFO: [VRFC 10-163] Analyzing VHDL file "C:/Users/weise/Desktop/RAT_MCU_v2/RAT_MCU.srcs/sources_1/imports/weise/Downloads/RatSim v0.61/RatSimulator/prog_rom.vhd" into library xil_defaultlib
INFO: [VRFC 10-307] analyzing entity prog_rom
INFO: [VRFC 10-163] Analyzing VHDL file "C:/Users/weise/Desktop/RAT_MCU_v2/RAT_MCU.srcs/sources_1/imports/weise/Desktop/rat_2/rat_2.srcs/sources_1/new/programCounter.vhd" into library xil_defaultlib
INFO: [VRFC 10-307] analyzing entity programCounter
INFO: [VRFC 10-163] Analyzing VHDL file "C:/Users/weise/Desktop/RAT_MCU_v2/RAT_MCU.srcs/sources_1/imports/weise/Desktop/CPE133/sseg.vhd" into library xil_defaultlib
INFO: [VRFC 10-307] analyzing entity sseg_dec
INFO: [VRFC 10-307] analyzing entity bin2bcdconv
INFO: [VRFC 10-307] analyzing entity clk_div
INFO: [VRFC 10-163] Analyzing VHDL file "C:/Users/weise/Desktop/RAT_MCU_v2/RAT_MCU.srcs/sources_1/imports/Desktop/SP/SP.srcs/sources_1/new/stack_pointer.vhd" into library xil_defaultlib
INFO: [VRFC 10-307] analyzing entity stack_pointer
INFO: [VRFC 10-163] Analyzing VHDL file "C:/Users/weise/Desktop/RAT_MCU_v2/RAT_MCU.srcs/sim_1/new/RAT_Wrapper_sim.vhd" into library xil_defaultlib
INFO: [VRFC 10-307] analyzing entity RAT_Wrapper_sim
