#-----------------------------------------------------------
# Vivado v2018.2 (64-bit)
# SW Build 2258646 on Thu Jun 14 20:03:12 MDT 2018
# IP Build 2256618 on Thu Jun 14 22:10:49 MDT 2018
# Start of session at: Mon Dec  3 17:25:48 2018
# Process ID: 7328
# Current directory: C:/Users/weise/Desktop/RAT_MCU_v2
# Command line: vivado.exe -gui_launcher_event rodinguilauncherevent8732 C:\Users\weise\Desktop\RAT_MCU_v2\RAT_MCU.xpr
# Log file: C:/Users/weise/Desktop/RAT_MCU_v2/vivado.log
# Journal file: C:/Users/weise/Desktop/RAT_MCU_v2\vivado.jou
#-----------------------------------------------------------
start_gui
open_project C:/Users/weise/Desktop/RAT_MCU_v2/RAT_MCU.xpr
Scanning sources...
Finished scanning sources
INFO: [IP_Flow 19-234] Refreshing IP repositories
INFO: [IP_Flow 19-1704] No user IP repositories specified
INFO: [IP_Flow 19-2313] Loaded Vivado IP repository 'C:/Xilinx/Vivado/2018.2/data/ip'.
open_project: Time (s): cpu = 00:00:33 ; elapsed = 00:11:47 . Memory (MB): peak = 802.859 ; gain = 92.367
update_compile_order -fileset sources_1
update_compile_order -fileset sources_1
update_compile_order -fileset sources_1
close [ open C:/Users/weise/Desktop/RAT_MCU_v2/RAT_MCU.srcs/sources_1/new/RNG.vhd w ]
add_files C:/Users/weise/Desktop/RAT_MCU_v2/RAT_MCU.srcs/sources_1/new/RNG.vhd
update_compile_order -fileset sources_1
update_compile_order -fileset sources_1
reset_run synth_1
launch_runs impl_1 -to_step write_bitstream -jobs 2
[Wed Dec  5 18:02:23 2018] Launched synth_1...
Run output will be captured here: C:/Users/weise/Desktop/RAT_MCU_v2/RAT_MCU.runs/synth_1/runme.log
[Wed Dec  5 18:02:23 2018] Launched impl_1...
Run output will be captured here: C:/Users/weise/Desktop/RAT_MCU_v2/RAT_MCU.runs/impl_1/runme.log
launch_runs: Time (s): cpu = 00:00:01 ; elapsed = 00:00:05 . Memory (MB): peak = 871.324 ; gain = 0.000
reset_run synth_1
launch_runs impl_1 -to_step write_bitstream -jobs 2
[Wed Dec  5 18:09:41 2018] Launched synth_1...
Run output will be captured here: C:/Users/weise/Desktop/RAT_MCU_v2/RAT_MCU.runs/synth_1/runme.log
[Wed Dec  5 18:09:41 2018] Launched impl_1...
Run output will be captured here: C:/Users/weise/Desktop/RAT_MCU_v2/RAT_MCU.runs/impl_1/runme.log
open_hw
connect_hw_server
INFO: [Labtools 27-2285] Connecting to hw_server url TCP:localhost:3121
INFO: [Labtools 27-2222] Launching hw_server...
INFO: [Labtools 27-2221] Launch Output:

****** Xilinx hw_server v2018.2
  **** Build date : Jun 14 2018-20:42:52
    ** Copyright 1986-2018 Xilinx, Inc. All Rights Reserved.


connect_hw_server: Time (s): cpu = 00:00:01 ; elapsed = 00:00:08 . Memory (MB): peak = 871.324 ; gain = 0.000
open_hw_target
INFO: [Labtoolstcl 44-466] Opening hw_target localhost:3121/xilinx_tcf/Digilent/210183713954A
set_property PROGRAM.FILE {C:/Users/weise/Desktop/RAT_MCU_v2/RAT_MCU.runs/impl_1/RAT_wrapper.bit} [get_hw_devices xc7a35t_0]
current_hw_device [get_hw_devices xc7a35t_0]
refresh_hw_device -update_hw_probes false [lindex [get_hw_devices xc7a35t_0] 0]
INFO: [Labtools 27-1434] Device xc7a35t (JTAG device index = 0) is programmed with a design that has no supported debug core(s) in it.
WARNING: [Labtools 27-3361] The debug hub core was not detected.
Resolution: 
1. Make sure the clock connected to the debug hub (dbg_hub) core is a free running clock and is active.
2. Make sure the BSCAN_SWITCH_USER_MASK device property in Vivado Hardware Manager reflects the user scan chain setting in the design and refresh the device.  To determine the user scan chain setting in the design, open the implemented design and use 'get_property C_USER_SCAN_CHAIN [get_debug_cores dbg_hub]'.
For more details on setting the scan chain property, consult the Vivado Debug and Programming User Guide (UG908).
set_property PROBES.FILE {} [get_hw_devices xc7a35t_0]
set_property FULL_PROBES.FILE {} [get_hw_devices xc7a35t_0]
set_property PROGRAM.FILE {C:/Users/weise/Desktop/RAT_MCU_v2/RAT_MCU.runs/impl_1/RAT_wrapper.bit} [get_hw_devices xc7a35t_0]
program_hw_devices [get_hw_devices xc7a35t_0]
INFO: [Labtools 27-3164] End of startup status: HIGH
refresh_hw_device [lindex [get_hw_devices xc7a35t_0] 0]
INFO: [Labtools 27-1434] Device xc7a35t (JTAG device index = 0) is programmed with a design that has no supported debug core(s) in it.
WARNING: [Labtools 27-3361] The debug hub core was not detected.
Resolution: 
1. Make sure the clock connected to the debug hub (dbg_hub) core is a free running clock and is active.
2. Make sure the BSCAN_SWITCH_USER_MASK device property in Vivado Hardware Manager reflects the user scan chain setting in the design and refresh the device.  To determine the user scan chain setting in the design, open the implemented design and use 'get_property C_USER_SCAN_CHAIN [get_debug_cores dbg_hub]'.
For more details on setting the scan chain property, consult the Vivado Debug and Programming User Guide (UG908).
ERROR: [Labtoolstcl 44-513] HW Target shutdown. Closing target: localhost:3121/xilinx_tcf/Digilent/210183713954A
reset_run synth_1
reset_run: Time (s): cpu = 00:00:01 ; elapsed = 00:00:12 . Memory (MB): peak = 1539.156 ; gain = 0.000
launch_runs impl_1 -to_step write_bitstream -jobs 2
[Thu Dec  6 20:38:55 2018] Launched synth_1...
Run output will be captured here: C:/Users/weise/Desktop/RAT_MCU_v2/RAT_MCU.runs/synth_1/runme.log
[Thu Dec  6 20:38:59 2018] Launched impl_1...
Run output will be captured here: C:/Users/weise/Desktop/RAT_MCU_v2/RAT_MCU.runs/impl_1/runme.log
launch_runs: Time (s): cpu = 00:00:01 ; elapsed = 00:00:19 . Memory (MB): peak = 1539.156 ; gain = 0.000
disconnect_hw_server localhost:3121
connect_hw_server
INFO: [Labtools 27-2285] Connecting to hw_server url TCP:localhost:3121
open_hw_target
INFO: [Labtoolstcl 44-466] Opening hw_target localhost:3121/xilinx_tcf/Digilent/210183A8A0B2A
set_property PROGRAM.FILE {C:/Users/weise/Desktop/RAT_MCU_v2/RAT_MCU.runs/impl_1/RAT_wrapper.bit} [get_hw_devices xc7a35t_0]
current_hw_device [get_hw_devices xc7a35t_0]
refresh_hw_device -update_hw_probes false [lindex [get_hw_devices xc7a35t_0] 0]
INFO: [Labtools 27-1434] Device xc7a35t (JTAG device index = 0) is programmed with a design that has no supported debug core(s) in it.
WARNING: [Labtools 27-3361] The debug hub core was not detected.
Resolution: 
1. Make sure the clock connected to the debug hub (dbg_hub) core is a free running clock and is active.
2. Make sure the BSCAN_SWITCH_USER_MASK device property in Vivado Hardware Manager reflects the user scan chain setting in the design and refresh the device.  To determine the user scan chain setting in the design, open the implemented design and use 'get_property C_USER_SCAN_CHAIN [get_debug_cores dbg_hub]'.
For more details on setting the scan chain property, consult the Vivado Debug and Programming User Guide (UG908).
set_property PROBES.FILE {} [get_hw_devices xc7a35t_0]
set_property FULL_PROBES.FILE {} [get_hw_devices xc7a35t_0]
set_property PROGRAM.FILE {C:/Users/weise/Desktop/RAT_MCU_v2/RAT_MCU.runs/impl_1/RAT_wrapper.bit} [get_hw_devices xc7a35t_0]
program_hw_devices [get_hw_devices xc7a35t_0]
INFO: [Labtools 27-3164] End of startup status: HIGH
refresh_hw_device [lindex [get_hw_devices xc7a35t_0] 0]
INFO: [Labtools 27-1434] Device xc7a35t (JTAG device index = 0) is programmed with a design that has no supported debug core(s) in it.
WARNING: [Labtools 27-3361] The debug hub core was not detected.
Resolution: 
1. Make sure the clock connected to the debug hub (dbg_hub) core is a free running clock and is active.
2. Make sure the BSCAN_SWITCH_USER_MASK device property in Vivado Hardware Manager reflects the user scan chain setting in the design and refresh the device.  To determine the user scan chain setting in the design, open the implemented design and use 'get_property C_USER_SCAN_CHAIN [get_debug_cores dbg_hub]'.
For more details on setting the scan chain property, consult the Vivado Debug and Programming User Guide (UG908).
close_hw
create_run impl_2 -parent_run synth_1 -flow {Vivado Implementation 2018}
Run is defaulting to parent run srcset: sources_1
Run is defaulting to parent run constrset: constrs_1
Run is defaulting to parent run part: xc7a35tcpg236-1
launch_runs impl_2 -jobs 2
[Thu Dec  6 20:58:32 2018] Launched impl_2...
Run output will be captured here: C:/Users/weise/Desktop/RAT_MCU_v2/RAT_MCU.runs/impl_2/runme.log
launch_runs: Time (s): cpu = 00:00:00 ; elapsed = 00:00:07 . Memory (MB): peak = 1564.707 ; gain = 0.000
exit
INFO: [Common 17-206] Exiting Vivado at Thu Dec  6 21:17:12 2018...
