#-----------------------------------------------------------
# Vivado v2018.2 (64-bit)
# SW Build 2258646 on Thu Jun 14 20:03:12 MDT 2018
# IP Build 2256618 on Thu Jun 14 22:10:49 MDT 2018
# Start of session at: Sun Nov 18 11:49:39 2018
# Process ID: 8436
# Current directory: C:/Users/SimWang/Documents/CPE233/RAT8/RAT_MCU_v2
# Command line: vivado.exe -gui_launcher_event rodinguilauncherevent19080 C:\Users\SimWang\Documents\CPE233\RAT8\RAT_MCU_v2\RAT_MCU.xpr
# Log file: C:/Users/SimWang/Documents/CPE233/RAT8/RAT_MCU_v2/vivado.log
# Journal file: C:/Users/SimWang/Documents/CPE233/RAT8/RAT_MCU_v2\vivado.jou
#-----------------------------------------------------------
start_gui
open_project C:/Users/SimWang/Documents/CPE233/RAT8/RAT_MCU_v2/RAT_MCU.xpr
INFO: [Project 1-313] Project file moved from 'C:/Users/weise/Desktop/RAT_MCU_v2' since last save.
Scanning sources...
Finished scanning sources
INFO: [IP_Flow 19-234] Refreshing IP repositories
INFO: [IP_Flow 19-1704] No user IP repositories specified
INFO: [IP_Flow 19-2313] Loaded Vivado IP repository 'C:/Xilinx/Vivado/2018.2/data/ip'.
open_project: Time (s): cpu = 00:00:20 ; elapsed = 00:00:10 . Memory (MB): peak = 797.391 ; gain = 60.617
update_compile_order -fileset sources_1
add_files -norecurse {C:/Users/SimWang/Documents/CPE233/RAT8/RAT_MCU_v2/RAT_MCU.srcs/sources_1/new/debounce_one_shot_FSM_TB.vhd C:/Users/SimWang/Documents/CPE233/RAT8/RAT_MCU_v2/RAT_MCU.srcs/sources_1/new/counter_for_one_shot.vhd C:/Users/SimWang/Documents/CPE233/RAT8/RAT_MCU_v2/RAT_MCU.srcs/sources_1/new/debounce_one_shot_FSM.vhd}
update_compile_order -fileset sources_1
update_compile_order -fileset sources_1
reset_run synth_1
launch_runs impl_1 -to_step write_bitstream -jobs 6
[Sun Nov 18 20:35:35 2018] Launched synth_1...
Run output will be captured here: C:/Users/SimWang/Documents/CPE233/RAT8/RAT_MCU_v2/RAT_MCU.runs/synth_1/runme.log
[Sun Nov 18 20:35:35 2018] Launched impl_1...
Run output will be captured here: C:/Users/SimWang/Documents/CPE233/RAT8/RAT_MCU_v2/RAT_MCU.runs/impl_1/runme.log
update_files -from_files C:/RatSimulator/RATASM/RAT8/prog_rom.vhd -to_files {{C:/Users/SimWang/Documents/CPE233/RAT8/RAT_MCU_v2/RAT_MCU.srcs/sources_1/imports/weise/Downloads/RatSim v0.61/RatSimulator/prog_rom.vhd}} -filesets [get_filesets *]
INFO: [filemgmt 20-762] Replacing file 'C:/Users/SimWang/Documents/CPE233/RAT8/RAT_MCU_v2/RAT_MCU.srcs/sources_1/imports/weise/Downloads/RatSim v0.61/RatSimulator/prog_rom.vhd' with file 'C:/RatSimulator/RATASM/RAT8/prog_rom.vhd'.
INFO: [filemgmt 20-1080] Importing file from 'C:/RatSimulator/RATASM/RAT8/prog_rom.vhd' to 'C:/Users/SimWang/Documents/CPE233/RAT8/RAT_MCU_v2/RAT_MCU.srcs/sources_1/imports/weise/Downloads/RatSim v0.61/RatSimulator/prog_rom.vhd'.
reset_run impl_1
reset_run synth_1
launch_runs impl_1 -to_step write_bitstream -jobs 6
[Sun Nov 18 20:40:16 2018] Launched synth_1...
Run output will be captured here: C:/Users/SimWang/Documents/CPE233/RAT8/RAT_MCU_v2/RAT_MCU.runs/synth_1/runme.log
[Sun Nov 18 20:40:16 2018] Launched impl_1...
Run output will be captured here: C:/Users/SimWang/Documents/CPE233/RAT8/RAT_MCU_v2/RAT_MCU.runs/impl_1/runme.log
open_hw
connect_hw_server
INFO: [Labtools 27-2285] Connecting to hw_server url TCP:localhost:3121
INFO: [Labtools 27-2222] Launching hw_server...
INFO: [Labtools 27-2221] Launch Output:

****** Xilinx hw_server v2018.2
  **** Build date : Jun 14 2018-20:42:52
    ** Copyright 1986-2018 Xilinx, Inc. All Rights Reserved.


connect_hw_server: Time (s): cpu = 00:00:02 ; elapsed = 00:00:07 . Memory (MB): peak = 971.703 ; gain = 0.000
open_hw_target
INFO: [Labtoolstcl 44-466] Opening hw_target localhost:3121/xilinx_tcf/Digilent/210183A89C01A
open_hw_target: Time (s): cpu = 00:00:06 ; elapsed = 00:00:08 . Memory (MB): peak = 1639.879 ; gain = 668.176
set_property PROGRAM.FILE {C:/Users/SimWang/Documents/CPE233/RAT8/RAT_MCU_v2/RAT_MCU.runs/impl_1/RAT_wrapper.bit} [get_hw_devices xc7a35t_0]
current_hw_device [get_hw_devices xc7a35t_0]
refresh_hw_device -update_hw_probes false [lindex [get_hw_devices xc7a35t_0] 0]
INFO: [Labtools 27-1434] Device xc7a35t (JTAG device index = 0) is programmed with a design that has no supported debug core(s) in it.
WARNING: [Labtools 27-3361] The debug hub core was not detected.
Resolution: 
1. Make sure the clock connected to the debug hub (dbg_hub) core is a free running clock and is active.
2. Make sure the BSCAN_SWITCH_USER_MASK device property in Vivado Hardware Manager reflects the user scan chain setting in the design and refresh the device.  To determine the user scan chain setting in the design, open the implemented design and use 'get_property C_USER_SCAN_CHAIN [get_debug_cores dbg_hub]'.
For more details on setting the scan chain property, consult the Vivado Debug and Programming User Guide (UG908).
set_property PROBES.FILE {} [get_hw_devices xc7a35t_0]
set_property FULL_PROBES.FILE {} [get_hw_devices xc7a35t_0]
set_property PROGRAM.FILE {C:/Users/SimWang/Documents/CPE233/RAT8/RAT_MCU_v2/RAT_MCU.runs/impl_1/RAT_wrapper.bit} [get_hw_devices xc7a35t_0]
program_hw_devices [get_hw_devices xc7a35t_0]
INFO: [Labtools 27-3164] End of startup status: HIGH
refresh_hw_device [lindex [get_hw_devices xc7a35t_0] 0]
INFO: [Labtools 27-1434] Device xc7a35t (JTAG device index = 0) is programmed with a design that has no supported debug core(s) in it.
WARNING: [Labtools 27-3361] The debug hub core was not detected.
Resolution: 
1. Make sure the clock connected to the debug hub (dbg_hub) core is a free running clock and is active.
2. Make sure the BSCAN_SWITCH_USER_MASK device property in Vivado Hardware Manager reflects the user scan chain setting in the design and refresh the device.  To determine the user scan chain setting in the design, open the implemented design and use 'get_property C_USER_SCAN_CHAIN [get_debug_cores dbg_hub]'.
For more details on setting the scan chain property, consult the Vivado Debug and Programming User Guide (UG908).
set_property PROBES.FILE {} [get_hw_devices xc7a35t_0]
set_property FULL_PROBES.FILE {} [get_hw_devices xc7a35t_0]
set_property PROGRAM.FILE {C:/Users/SimWang/Documents/CPE233/RAT8/RAT_MCU_v2/RAT_MCU.runs/impl_1/RAT_wrapper.bit} [get_hw_devices xc7a35t_0]
program_hw_devices [get_hw_devices xc7a35t_0]
INFO: [Labtools 27-3164] End of startup status: HIGH
refresh_hw_device [lindex [get_hw_devices xc7a35t_0] 0]
INFO: [Labtools 27-1434] Device xc7a35t (JTAG device index = 0) is programmed with a design that has no supported debug core(s) in it.
WARNING: [Labtools 27-3361] The debug hub core was not detected.
Resolution: 
1. Make sure the clock connected to the debug hub (dbg_hub) core is a free running clock and is active.
2. Make sure the BSCAN_SWITCH_USER_MASK device property in Vivado Hardware Manager reflects the user scan chain setting in the design and refresh the device.  To determine the user scan chain setting in the design, open the implemented design and use 'get_property C_USER_SCAN_CHAIN [get_debug_cores dbg_hub]'.
For more details on setting the scan chain property, consult the Vivado Debug and Programming User Guide (UG908).
set_property PROBES.FILE {} [get_hw_devices xc7a35t_0]
set_property FULL_PROBES.FILE {} [get_hw_devices xc7a35t_0]
set_property PROGRAM.FILE {C:/Users/SimWang/Documents/CPE233/RAT8/RAT_MCU_v2/RAT_MCU.runs/impl_1/RAT_wrapper.bit} [get_hw_devices xc7a35t_0]
program_hw_devices [get_hw_devices xc7a35t_0]
INFO: [Labtools 27-3164] End of startup status: HIGH
refresh_hw_device [lindex [get_hw_devices xc7a35t_0] 0]
INFO: [Labtools 27-1434] Device xc7a35t (JTAG device index = 0) is programmed with a design that has no supported debug core(s) in it.
WARNING: [Labtools 27-3361] The debug hub core was not detected.
Resolution: 
1. Make sure the clock connected to the debug hub (dbg_hub) core is a free running clock and is active.
2. Make sure the BSCAN_SWITCH_USER_MASK device property in Vivado Hardware Manager reflects the user scan chain setting in the design and refresh the device.  To determine the user scan chain setting in the design, open the implemented design and use 'get_property C_USER_SCAN_CHAIN [get_debug_cores dbg_hub]'.
For more details on setting the scan chain property, consult the Vivado Debug and Programming User Guide (UG908).
ERROR: [Labtoolstcl 44-513] HW Target shutdown. Closing target: localhost:3121/xilinx_tcf/Digilent/210183A89C01A
synth_design -rtl -name rtl_1
Command: synth_design -rtl -name rtl_1
Starting synth_design
Using part: xc7a35tcpg236-1
Top: RAT_wrapper
---------------------------------------------------------------------------------
Starting RTL Elaboration : Time (s): cpu = 00:00:12 ; elapsed = 00:00:06 . Memory (MB): peak = 1765.305 ; gain = 115.129
---------------------------------------------------------------------------------
INFO: [Synth 8-638] synthesizing module 'RAT_wrapper' [C:/Users/SimWang/Documents/CPE233/RAT8/RAT_MCU_v2/RAT_MCU.srcs/sources_1/new/RAT_wrapper.vhd:27]
INFO: [Synth 8-3491] module 'MCU' declared at 'C:/Users/SimWang/Documents/CPE233/RAT8/RAT_MCU_v2/RAT_MCU.srcs/sources_1/new/MCU.vhd:5' bound to instance 'CPU' of component 'MCU' [C:/Users/SimWang/Documents/CPE233/RAT8/RAT_MCU_v2/RAT_MCU.srcs/sources_1/new/RAT_wrapper.vhd:98]
INFO: [Synth 8-638] synthesizing module 'MCU' [C:/Users/SimWang/Documents/CPE233/RAT8/RAT_MCU_v2/RAT_MCU.srcs/sources_1/new/MCU.vhd:15]
INFO: [Synth 8-226] default block is never used [C:/Users/SimWang/Documents/CPE233/RAT8/RAT_MCU_v2/RAT_MCU.srcs/sources_1/new/MCU.vhd:246]
INFO: [Synth 8-3491] module 'ControlUnit' declared at 'C:/Users/SimWang/Documents/CPE233/RAT8/RAT_MCU_v2/RAT_MCU.srcs/sources_1/imports/weise/Desktop/RAT5/RAT5.srcs/sources_1/new/ControlUnit.vhd:4' bound to instance 'cu' of component 'ControlUnit' [C:/Users/SimWang/Documents/CPE233/RAT8/RAT_MCU_v2/RAT_MCU.srcs/sources_1/new/MCU.vhd:259]
INFO: [Synth 8-638] synthesizing module 'ControlUnit' [C:/Users/SimWang/Documents/CPE233/RAT8/RAT_MCU_v2/RAT_MCU.srcs/sources_1/imports/weise/Desktop/RAT5/RAT5.srcs/sources_1/new/ControlUnit.vhd:41]
INFO: [Synth 8-226] default block is never used [C:/Users/SimWang/Documents/CPE233/RAT8/RAT_MCU_v2/RAT_MCU.srcs/sources_1/imports/weise/Desktop/RAT5/RAT5.srcs/sources_1/new/ControlUnit.vhd:83]
WARNING: [Synth 8-614] signal 's_int' is read in the process but is not in the sensitivity list [C:/Users/SimWang/Documents/CPE233/RAT8/RAT_MCU_v2/RAT_MCU.srcs/sources_1/imports/weise/Desktop/RAT5/RAT5.srcs/sources_1/new/ControlUnit.vhd:61]
WARNING: [Synth 8-3848] Net I_SET in module/entity ControlUnit does not have driver. [C:/Users/SimWang/Documents/CPE233/RAT8/RAT_MCU_v2/RAT_MCU.srcs/sources_1/imports/weise/Desktop/RAT5/RAT5.srcs/sources_1/new/ControlUnit.vhd:15]
WARNING: [Synth 8-3848] Net I_CLR in module/entity ControlUnit does not have driver. [C:/Users/SimWang/Documents/CPE233/RAT8/RAT_MCU_v2/RAT_MCU.srcs/sources_1/imports/weise/Desktop/RAT5/RAT5.srcs/sources_1/new/ControlUnit.vhd:16]
INFO: [Synth 8-256] done synthesizing module 'ControlUnit' (1#1) [C:/Users/SimWang/Documents/CPE233/RAT8/RAT_MCU_v2/RAT_MCU.srcs/sources_1/imports/weise/Desktop/RAT5/RAT5.srcs/sources_1/new/ControlUnit.vhd:41]
INFO: [Synth 8-3491] module 'PC' declared at 'C:/Users/SimWang/Documents/CPE233/RAT8/RAT_MCU_v2/RAT_MCU.srcs/sources_1/imports/weise/Desktop/rat_2/rat_2.srcs/sources_1/new/PC.vhd:7' bound to instance 'pr_c' of component 'PC' [C:/Users/SimWang/Documents/CPE233/RAT8/RAT_MCU_v2/RAT_MCU.srcs/sources_1/new/MCU.vhd:290]
INFO: [Synth 8-638] synthesizing module 'PC' [C:/Users/SimWang/Documents/CPE233/RAT8/RAT_MCU_v2/RAT_MCU.srcs/sources_1/imports/weise/Desktop/rat_2/rat_2.srcs/sources_1/new/PC.vhd:19]
INFO: [Synth 8-3491] module 'programCounter' declared at 'C:/Users/SimWang/Documents/CPE233/RAT8/RAT_MCU_v2/RAT_MCU.srcs/sources_1/imports/weise/Desktop/rat_2/rat_2.srcs/sources_1/new/programCounter.vhd:5' bound to instance 'progCount' of component 'programCounter' [C:/Users/SimWang/Documents/CPE233/RAT8/RAT_MCU_v2/RAT_MCU.srcs/sources_1/imports/weise/Desktop/rat_2/rat_2.srcs/sources_1/new/PC.vhd:43]
INFO: [Synth 8-638] synthesizing module 'programCounter' [C:/Users/SimWang/Documents/CPE233/RAT8/RAT_MCU_v2/RAT_MCU.srcs/sources_1/imports/weise/Desktop/rat_2/rat_2.srcs/sources_1/new/programCounter.vhd:14]
INFO: [Synth 8-256] done synthesizing module 'programCounter' (2#1) [C:/Users/SimWang/Documents/CPE233/RAT8/RAT_MCU_v2/RAT_MCU.srcs/sources_1/imports/weise/Desktop/rat_2/rat_2.srcs/sources_1/new/programCounter.vhd:14]
INFO: [Synth 8-3491] module 'pc_mux' declared at 'C:/Users/SimWang/Documents/CPE233/RAT8/RAT_MCU_v2/RAT_MCU.srcs/sources_1/imports/weise/Desktop/rat_2/rat_2.srcs/sources_1/new/pc_mux.vhd:4' bound to instance 'mux' of component 'pc_mux' [C:/Users/SimWang/Documents/CPE233/RAT8/RAT_MCU_v2/RAT_MCU.srcs/sources_1/imports/weise/Desktop/rat_2/rat_2.srcs/sources_1/new/PC.vhd:50]
INFO: [Synth 8-638] synthesizing module 'pc_mux' [C:/Users/SimWang/Documents/CPE233/RAT8/RAT_MCU_v2/RAT_MCU.srcs/sources_1/imports/weise/Desktop/rat_2/rat_2.srcs/sources_1/new/pc_mux.vhd:12]
INFO: [Synth 8-256] done synthesizing module 'pc_mux' (3#1) [C:/Users/SimWang/Documents/CPE233/RAT8/RAT_MCU_v2/RAT_MCU.srcs/sources_1/imports/weise/Desktop/rat_2/rat_2.srcs/sources_1/new/pc_mux.vhd:12]
INFO: [Synth 8-256] done synthesizing module 'PC' (4#1) [C:/Users/SimWang/Documents/CPE233/RAT8/RAT_MCU_v2/RAT_MCU.srcs/sources_1/imports/weise/Desktop/rat_2/rat_2.srcs/sources_1/new/PC.vhd:19]
INFO: [Synth 8-3491] module 'prog_rom' declared at 'C:/Users/SimWang/Documents/CPE233/RAT8/RAT_MCU_v2/RAT_MCU.srcs/sources_1/imports/weise/Downloads/RatSim v0.61/RatSimulator/prog_rom.vhd:21' bound to instance 'p_r' of component 'prog_rom' [C:/Users/SimWang/Documents/CPE233/RAT8/RAT_MCU_v2/RAT_MCU.srcs/sources_1/new/MCU.vhd:299]
INFO: [Synth 8-638] synthesizing module 'prog_rom' [C:/Users/SimWang/Documents/CPE233/RAT8/RAT_MCU_v2/RAT_MCU.srcs/sources_1/imports/weise/Downloads/RatSim v0.61/RatSimulator/prog_rom.vhd:29]
	Parameter INIT bound to: 20'b00000000000000000000 
	Parameter INITP_00 bound to: 256'b0000000000000000000000000000000000000000000000000000000000000000000000000000000000000000000000000000000000000000000000011111110100111110000010001000101110111000001000100011111111111110111011100000111110010011001111110111111100000000000000000000000000000000 
	Parameter INITP_01 bound to: 256'b0000000000000000000000000000000000000000000000000000000000000000000000000000000000000000000000000000000000000000000000000000000000000000000000000000000000000000000000000000000000000000000000000000000000000000000000000000000000000000000000000000000000000000 
	Parameter INITP_02 bound to: 256'b0000000000000000000000000000000000000000000000000000000000000000000000000000000000000000000000000000000000000000000000000000000000000000000000000000000000000000000000000000000000000000000000000000000000000000000000000000000000000000000000000000000000000000 
	Parameter INITP_03 bound to: 256'b0000000000000000000000000000000000000000000000000000000000000000000000000000000000000000000000000000000000000000000000000000000000000000000000000000000000000000000000000000000000000000000000000000000000000000000000000000000000000000000000000000000000000000 
	Parameter INITP_04 bound to: 256'b0000000000000000000000000000000000000000000000000000000000000000000000000000000000000000000000000000000000000000000000000000000000000000000000000000000000000000000000000000000000000000000000000000000000000000000000000000000000000000000000000000000000000000 
	Parameter INITP_05 bound to: 256'b0000000000000000000000000000000000000000000000000000000000000000000000000000000000000000000000000000000000000000000000000000000000000000000000000000000000000000000000000000000000000000000000000000000000000000000000000000000000000000000000000000000000000000 
	Parameter INITP_06 bound to: 256'b0000000000000000000000000000000000000000000000000000000000000000000000000000000000000000000000000000000000000000000000000000000000000000000000000000000000000000000000000000000000000000000000000000000000000000000000000000000000000000000000000000000000000000 
	Parameter INITP_07 bound to: 256'b0000000000000000000000000000000000000000000000000000000000000000000000000000000000000000000000000000000000000000000000000000000000000000000000000000000000000000000000000000000000000000000000000000000000000000000000000000000000000000000000000000000000000000 
	Parameter INIT_00 bound to: 256'b0000000000000000000000000000000000000000000000000000000000000000000000000000000000000000000000000000000000000000000000000000000000000000000000000000000000000000000000000000000000000000000000000000000000000000000000000000000000000000000000000000000000000000 
	Parameter INIT_01 bound to: 256'b1000000010011000100000011000100001101011111111110100001101000000000000110111111110100000000000011000001000101010000000101111111110000001000000000110101111111111010000110100000001100011100000001010000000000000010000011000000101100010000000000110000100000000 
	Parameter INIT_02 bound to: 256'b1000000100000011001010110000000010000001000100110010110000000000100000010010001101111111111111110111111111111111011111111111111101111111111111110111111111111111011111111111111111001101000000010110110111111111110011000000000101101100111111111100101100000001 
	Parameter INIT_03 bound to: 256'b1000001000001010000000010001010001000001100000011000000100000001100000001001100010000001100010110010101100000000100000011001101100101100000000001000000110101011110011010000000101101101111111111100110000000001011011001111111111001011000000011000000011000000 
	Parameter INIT_04 bound to: 256'b0000000000000000000000000000000000000000000000000000000000000000000000000000000000000000000000000000000000000000000000000000000000000000000000000000000000000000100000100010100010100000000000100110001011111111010000110100000001100011000000011010000000000011 
	Parameter INIT_05 bound to: 256'b0000000000000000000000000000000000000000000000000000000000000000000000000000000000000000000000000000000000000000000000000000000000000000000000000000000000000000000000000000000000000000000000000000000000000000000000000000000000000000000000000000000000000000 
	Parameter INIT_06 bound to: 256'b0000000000000000000000000000000000000000000000000000000000000000000000000000000000000000000000000000000000000000000000000000000000000000000000000000000000000000000000000000000000000000000000000000000000000000000000000000000000000000000000000000000000000000 
	Parameter INIT_07 bound to: 256'b0000000000000000000000000000000000000000000000000000000000000000000000000000000000000000000000000000000000000000000000000000000000000000000000000000000000000000000000000000000000000000000000000000000000000000000000000000000000000000000000000000000000000000 
	Parameter INIT_08 bound to: 256'b0000000000000000000000000000000000000000000000000000000000000000000000000000000000000000000000000000000000000000000000000000000000000000000000000000000000000000000000000000000000000000000000000000000000000000000000000000000000000000000000000000000000000000 
	Parameter INIT_09 bound to: 256'b0000000000000000000000000000000000000000000000000000000000000000000000000000000000000000000000000000000000000000000000000000000000000000000000000000000000000000000000000000000000000000000000000000000000000000000000000000000000000000000000000000000000000000 
	Parameter INIT_0A bound to: 256'b0000000000000000000000000000000000000000000000000000000000000000000000000000000000000000000000000000000000000000000000000000000000000000000000000000000000000000000000000000000000000000000000000000000000000000000000000000000000000000000000000000000000000000 
	Parameter INIT_0B bound to: 256'b0000000000000000000000000000000000000000000000000000000000000000000000000000000000000000000000000000000000000000000000000000000000000000000000000000000000000000000000000000000000000000000000000000000000000000000000000000000000000000000000000000000000000000 
	Parameter INIT_0C bound to: 256'b0000000000000000000000000000000000000000000000000000000000000000000000000000000000000000000000000000000000000000000000000000000000000000000000000000000000000000000000000000000000000000000000000000000000000000000000000000000000000000000000000000000000000000 
	Parameter INIT_0D bound to: 256'b0000000000000000000000000000000000000000000000000000000000000000000000000000000000000000000000000000000000000000000000000000000000000000000000000000000000000000000000000000000000000000000000000000000000000000000000000000000000000000000000000000000000000000 
	Parameter INIT_0E bound to: 256'b0000000000000000000000000000000000000000000000000000000000000000000000000000000000000000000000000000000000000000000000000000000000000000000000000000000000000000000000000000000000000000000000000000000000000000000000000000000000000000000000000000000000000000 
	Parameter INIT_0F bound to: 256'b0000000000000000000000000000000000000000000000000000000000000000000000000000000000000000000000000000000000000000000000000000000000000000000000000000000000000000000000000000000000000000000000000000000000000000000000000000000000000000000000000000000000000000 
	Parameter INIT_10 bound to: 256'b0000000000000000000000000000000000000000000000000000000000000000000000000000000000000000000000000000000000000000000000000000000000000000000000000000000000000000000000000000000000000000000000000000000000000000000000000000000000000000000000000000000000000000 
	Parameter INIT_11 bound to: 256'b0000000000000000000000000000000000000000000000000000000000000000000000000000000000000000000000000000000000000000000000000000000000000000000000000000000000000000000000000000000000000000000000000000000000000000000000000000000000000000000000000000000000000000 
	Parameter INIT_12 bound to: 256'b0000000000000000000000000000000000000000000000000000000000000000000000000000000000000000000000000000000000000000000000000000000000000000000000000000000000000000000000000000000000000000000000000000000000000000000000000000000000000000000000000000000000000000 
	Parameter INIT_13 bound to: 256'b0000000000000000000000000000000000000000000000000000000000000000000000000000000000000000000000000000000000000000000000000000000000000000000000000000000000000000000000000000000000000000000000000000000000000000000000000000000000000000000000000000000000000000 
	Parameter INIT_14 bound to: 256'b0000000000000000000000000000000000000000000000000000000000000000000000000000000000000000000000000000000000000000000000000000000000000000000000000000000000000000000000000000000000000000000000000000000000000000000000000000000000000000000000000000000000000000 
	Parameter INIT_15 bound to: 256'b0000000000000000000000000000000000000000000000000000000000000000000000000000000000000000000000000000000000000000000000000000000000000000000000000000000000000000000000000000000000000000000000000000000000000000000000000000000000000000000000000000000000000000 
	Parameter INIT_16 bound to: 256'b0000000000000000000000000000000000000000000000000000000000000000000000000000000000000000000000000000000000000000000000000000000000000000000000000000000000000000000000000000000000000000000000000000000000000000000000000000000000000000000000000000000000000000 
	Parameter INIT_17 bound to: 256'b0000000000000000000000000000000000000000000000000000000000000000000000000000000000000000000000000000000000000000000000000000000000000000000000000000000000000000000000000000000000000000000000000000000000000000000000000000000000000000000000000000000000000000 
	Parameter INIT_18 bound to: 256'b0000000000000000000000000000000000000000000000000000000000000000000000000000000000000000000000000000000000000000000000000000000000000000000000000000000000000000000000000000000000000000000000000000000000000000000000000000000000000000000000000000000000000000 
	Parameter INIT_19 bound to: 256'b0000000000000000000000000000000000000000000000000000000000000000000000000000000000000000000000000000000000000000000000000000000000000000000000000000000000000000000000000000000000000000000000000000000000000000000000000000000000000000000000000000000000000000 
	Parameter INIT_1A bound to: 256'b0000000000000000000000000000000000000000000000000000000000000000000000000000000000000000000000000000000000000000000000000000000000000000000000000000000000000000000000000000000000000000000000000000000000000000000000000000000000000000000000000000000000000000 
	Parameter INIT_1B bound to: 256'b0000000000000000000000000000000000000000000000000000000000000000000000000000000000000000000000000000000000000000000000000000000000000000000000000000000000000000000000000000000000000000000000000000000000000000000000000000000000000000000000000000000000000000 
	Parameter INIT_1C bound to: 256'b0000000000000000000000000000000000000000000000000000000000000000000000000000000000000000000000000000000000000000000000000000000000000000000000000000000000000000000000000000000000000000000000000000000000000000000000000000000000000000000000000000000000000000 
	Parameter INIT_1D bound to: 256'b0000000000000000000000000000000000000000000000000000000000000000000000000000000000000000000000000000000000000000000000000000000000000000000000000000000000000000000000000000000000000000000000000000000000000000000000000000000000000000000000000000000000000000 
	Parameter INIT_1E bound to: 256'b0000000000000000000000000000000000000000000000000000000000000000000000000000000000000000000000000000000000000000000000000000000000000000000000000000000000000000000000000000000000000000000000000000000000000000000000000000000000000000000000000000000000000000 
	Parameter INIT_1F bound to: 256'b0000000000000000000000000000000000000000000000000000000000000000000000000000000000000000000000000000000000000000000000000000000000000000000000000000000000000000000000000000000000000000000000000000000000000000000000000000000000000000000000000000000000000000 
	Parameter INIT_20 bound to: 256'b0000000000000000000000000000000000000000000000000000000000000000000000000000000000000000000000000000000000000000000000000000000000000000000000000000000000000000000000000000000000000000000000000000000000000000000000000000000000000000000000000000000000000000 
	Parameter INIT_21 bound to: 256'b0000000000000000000000000000000000000000000000000000000000000000000000000000000000000000000000000000000000000000000000000000000000000000000000000000000000000000000000000000000000000000000000000000000000000000000000000000000000000000000000000000000000000000 
	Parameter INIT_22 bound to: 256'b0000000000000000000000000000000000000000000000000000000000000000000000000000000000000000000000000000000000000000000000000000000000000000000000000000000000000000000000000000000000000000000000000000000000000000000000000000000000000000000000000000000000000000 
	Parameter INIT_23 bound to: 256'b0000000000000000000000000000000000000000000000000000000000000000000000000000000000000000000000000000000000000000000000000000000000000000000000000000000000000000000000000000000000000000000000000000000000000000000000000000000000000000000000000000000000000000 
	Parameter INIT_24 bound to: 256'b0000000000000000000000000000000000000000000000000000000000000000000000000000000000000000000000000000000000000000000000000000000000000000000000000000000000000000000000000000000000000000000000000000000000000000000000000000000000000000000000000000000000000000 
	Parameter INIT_25 bound to: 256'b0000000000000000000000000000000000000000000000000000000000000000000000000000000000000000000000000000000000000000000000000000000000000000000000000000000000000000000000000000000000000000000000000000000000000000000000000000000000000000000000000000000000000000 
	Parameter INIT_26 bound to: 256'b0000000000000000000000000000000000000000000000000000000000000000000000000000000000000000000000000000000000000000000000000000000000000000000000000000000000000000000000000000000000000000000000000000000000000000000000000000000000000000000000000000000000000000 
	Parameter INIT_27 bound to: 256'b0000000000000000000000000000000000000000000000000000000000000000000000000000000000000000000000000000000000000000000000000000000000000000000000000000000000000000000000000000000000000000000000000000000000000000000000000000000000000000000000000000000000000000 
	Parameter INIT_28 bound to: 256'b0000000000000000000000000000000000000000000000000000000000000000000000000000000000000000000000000000000000000000000000000000000000000000000000000000000000000000000000000000000000000000000000000000000000000000000000000000000000000000000000000000000000000000 
	Parameter INIT_29 bound to: 256'b0000000000000000000000000000000000000000000000000000000000000000000000000000000000000000000000000000000000000000000000000000000000000000000000000000000000000000000000000000000000000000000000000000000000000000000000000000000000000000000000000000000000000000 
	Parameter INIT_2A bound to: 256'b0000000000000000000000000000000000000000000000000000000000000000000000000000000000000000000000000000000000000000000000000000000000000000000000000000000000000000000000000000000000000000000000000000000000000000000000000000000000000000000000000000000000000000 
	Parameter INIT_2B bound to: 256'b0000000000000000000000000000000000000000000000000000000000000000000000000000000000000000000000000000000000000000000000000000000000000000000000000000000000000000000000000000000000000000000000000000000000000000000000000000000000000000000000000000000000000000 
	Parameter INIT_2C bound to: 256'b0000000000000000000000000000000000000000000000000000000000000000000000000000000000000000000000000000000000000000000000000000000000000000000000000000000000000000000000000000000000000000000000000000000000000000000000000000000000000000000000000000000000000000 
	Parameter INIT_2D bound to: 256'b0000000000000000000000000000000000000000000000000000000000000000000000000000000000000000000000000000000000000000000000000000000000000000000000000000000000000000000000000000000000000000000000000000000000000000000000000000000000000000000000000000000000000000 
	Parameter INIT_2E bound to: 256'b0000000000000000000000000000000000000000000000000000000000000000000000000000000000000000000000000000000000000000000000000000000000000000000000000000000000000000000000000000000000000000000000000000000000000000000000000000000000000000000000000000000000000000 
	Parameter INIT_2F bound to: 256'b0000000000000000000000000000000000000000000000000000000000000000000000000000000000000000000000000000000000000000000000000000000000000000000000000000000000000000000000000000000000000000000000000000000000000000000000000000000000000000000000000000000000000000 
	Parameter INIT_30 bound to: 256'b0000000000000000000000000000000000000000000000000000000000000000000000000000000000000000000000000000000000000000000000000000000000000000000000000000000000000000000000000000000000000000000000000000000000000000000000000000000000000000000000000000000000000000 
	Parameter INIT_31 bound to: 256'b0000000000000000000000000000000000000000000000000000000000000000000000000000000000000000000000000000000000000000000000000000000000000000000000000000000000000000000000000000000000000000000000000000000000000000000000000000000000000000000000000000000000000000 
	Parameter INIT_32 bound to: 256'b0000000000000000000000000000000000000000000000000000000000000000000000000000000000000000000000000000000000000000000000000000000000000000000000000000000000000000000000000000000000000000000000000000000000000000000000000000000000000000000000000000000000000000 
	Parameter INIT_33 bound to: 256'b0000000000000000000000000000000000000000000000000000000000000000000000000000000000000000000000000000000000000000000000000000000000000000000000000000000000000000000000000000000000000000000000000000000000000000000000000000000000000000000000000000000000000000 
	Parameter INIT_34 bound to: 256'b0000000000000000000000000000000000000000000000000000000000000000000000000000000000000000000000000000000000000000000000000000000000000000000000000000000000000000000000000000000000000000000000000000000000000000000000000000000000000000000000000000000000000000 
	Parameter INIT_35 bound to: 256'b0000000000000000000000000000000000000000000000000000000000000000000000000000000000000000000000000000000000000000000000000000000000000000000000000000000000000000000000000000000000000000000000000000000000000000000000000000000000000000000000000000000000000000 
	Parameter INIT_36 bound to: 256'b0000000000000000000000000000000000000000000000000000000000000000000000000000000000000000000000000000000000000000000000000000000000000000000000000000000000000000000000000000000000000000000000000000000000000000000000000000000000000000000000000000000000000000 
	Parameter INIT_37 bound to: 256'b0000000000000000000000000000000000000000000000000000000000000000000000000000000000000000000000000000000000000000000000000000000000000000000000000000000000000000000000000000000000000000000000000000000000000000000000000000000000000000000000000000000000000000 
	Parameter INIT_38 bound to: 256'b0000000000000000000000000000000000000000000000000000000000000000000000000000000000000000000000000000000000000000000000000000000000000000000000000000000000000000000000000000000000000000000000000000000000000000000000000000000000000000000000000000000000000000 
	Parameter INIT_39 bound to: 256'b0000000000000000000000000000000000000000000000000000000000000000000000000000000000000000000000000000000000000000000000000000000000000000000000000000000000000000000000000000000000000000000000000000000000000000000000000000000000000000000000000000000000000000 
	Parameter INIT_3A bound to: 256'b0000000000000000000000000000000000000000000000000000000000000000000000000000000000000000000000000000000000000000000000000000000000000000000000000000000000000000000000000000000000000000000000000000000000000000000000000000000000000000000000000000000000000000 
	Parameter INIT_3B bound to: 256'b0000000000000000000000000000000000000000000000000000000000000000000000000000000000000000000000000000000000000000000000000000000000000000000000000000000000000000000000000000000000000000000000000000000000000000000000000000000000000000000000000000000000000000 
	Parameter INIT_3C bound to: 256'b0000000000000000000000000000000000000000000000000000000000000000000000000000000000000000000000000000000000000000000000000000000000000000000000000000000000000000000000000000000000000000000000000000000000000000000000000000000000000000000000000000000000000000 
	Parameter INIT_3D bound to: 256'b0000000000000000000000000000000000000000000000000000000000000000000000000000000000000000000000000000000000000000000000000000000000000000000000000000000000000000000000000000000000000000000000000000000000000000000000000000000000000000000000000000000000000000 
	Parameter INIT_3E bound to: 256'b0000000000000000000000000000000000000000000000000000000000000000000000000000000000000000000000000000000000000000000000000000000000000000000000000000000000000000000000000000000000000000000000000000000000000000000000000000000000000000000000000000000000000000 
	Parameter INIT_3F bound to: 256'b1000000111100000000000000000000000000000000000000000000000000000000000000000000000000000000000000000000000000000000000000000000000000000000000000000000000000000000000000000000000000000000000000000000000000000000000000000000000000000000000000000000000000000 
	Parameter SRVAL bound to: 20'b00000000000000000000 
	Parameter WRITE_MODE bound to: WRITE_FIRST - type: string 
INFO: [Synth 8-113] binding component instance 'ram_1024_x_18' to cell 'RAMB16_S18' [C:/Users/SimWang/Documents/CPE233/RAT8/RAT_MCU_v2/RAT_MCU.srcs/sources_1/imports/weise/Downloads/RatSim v0.61/RatSimulator/prog_rom.vhd:194]
INFO: [Synth 8-256] done synthesizing module 'prog_rom' (5#1) [C:/Users/SimWang/Documents/CPE233/RAT8/RAT_MCU_v2/RAT_MCU.srcs/sources_1/imports/weise/Downloads/RatSim v0.61/RatSimulator/prog_rom.vhd:29]
INFO: [Synth 8-3491] module 'REG_FILE' declared at 'C:/Users/SimWang/Documents/CPE233/RAT8/RAT_MCU_v2/RAT_MCU.srcs/sources_1/imports/weise/Desktop/REG_FILE/REG_FILE.srcs/sources_1/new/REG_FILE.vhd:34' bound to instance 'r_f' of component 'REG_FILE' [C:/Users/SimWang/Documents/CPE233/RAT8/RAT_MCU_v2/RAT_MCU.srcs/sources_1/new/MCU.vhd:303]
INFO: [Synth 8-638] synthesizing module 'REG_FILE' [C:/Users/SimWang/Documents/CPE233/RAT8/RAT_MCU_v2/RAT_MCU.srcs/sources_1/imports/weise/Desktop/REG_FILE/REG_FILE.srcs/sources_1/new/REG_FILE.vhd:44]
INFO: [Synth 8-256] done synthesizing module 'REG_FILE' (6#1) [C:/Users/SimWang/Documents/CPE233/RAT8/RAT_MCU_v2/RAT_MCU.srcs/sources_1/imports/weise/Desktop/REG_FILE/REG_FILE.srcs/sources_1/new/REG_FILE.vhd:44]
INFO: [Synth 8-3491] module 'ALU_MUX' declared at 'C:/Users/SimWang/Documents/CPE233/RAT8/RAT_MCU_v2/RAT_MCU.srcs/sources_1/new/ALU_MUX.vhd:4' bound to instance 'a_m' of component 'ALU_MUX' [C:/Users/SimWang/Documents/CPE233/RAT8/RAT_MCU_v2/RAT_MCU.srcs/sources_1/new/MCU.vhd:311]
INFO: [Synth 8-638] synthesizing module 'ALU_MUX' [C:/Users/SimWang/Documents/CPE233/RAT8/RAT_MCU_v2/RAT_MCU.srcs/sources_1/new/ALU_MUX.vhd:11]
INFO: [Synth 8-226] default block is never used [C:/Users/SimWang/Documents/CPE233/RAT8/RAT_MCU_v2/RAT_MCU.srcs/sources_1/new/ALU_MUX.vhd:16]
INFO: [Synth 8-256] done synthesizing module 'ALU_MUX' (7#1) [C:/Users/SimWang/Documents/CPE233/RAT8/RAT_MCU_v2/RAT_MCU.srcs/sources_1/new/ALU_MUX.vhd:11]
INFO: [Synth 8-3491] module 'ALU' declared at 'C:/Users/SimWang/Documents/CPE233/RAT8/RAT_MCU_v2/RAT_MCU.srcs/sources_1/imports/weise/Desktop/RAT4/RAT4.srcs/sources_1/new/ALU.vhd:7' bound to instance 'ar_lu' of component 'ALU' [C:/Users/SimWang/Documents/CPE233/RAT8/RAT_MCU_v2/RAT_MCU.srcs/sources_1/new/MCU.vhd:316]
INFO: [Synth 8-638] synthesizing module 'ALU' [C:/Users/SimWang/Documents/CPE233/RAT8/RAT_MCU_v2/RAT_MCU.srcs/sources_1/imports/weise/Desktop/RAT4/RAT4.srcs/sources_1/new/ALU.vhd:17]
INFO: [Synth 8-256] done synthesizing module 'ALU' (8#1) [C:/Users/SimWang/Documents/CPE233/RAT8/RAT_MCU_v2/RAT_MCU.srcs/sources_1/imports/weise/Desktop/RAT4/RAT4.srcs/sources_1/new/ALU.vhd:17]
INFO: [Synth 8-3491] module 'cz_flags' declared at 'C:/Users/SimWang/Documents/CPE233/RAT8/RAT_MCU_v2/RAT_MCU.srcs/sources_1/new/cz_flags.vhd:4' bound to instance 'flags' of component 'cz_flags' [C:/Users/SimWang/Documents/CPE233/RAT8/RAT_MCU_v2/RAT_MCU.srcs/sources_1/new/MCU.vhd:324]
INFO: [Synth 8-638] synthesizing module 'cz_flags' [C:/Users/SimWang/Documents/CPE233/RAT8/RAT_MCU_v2/RAT_MCU.srcs/sources_1/new/cz_flags.vhd:18]
WARNING: [Synth 8-614] signal 'C' is read in the process but is not in the sensitivity list [C:/Users/SimWang/Documents/CPE233/RAT8/RAT_MCU_v2/RAT_MCU.srcs/sources_1/new/cz_flags.vhd:31]
WARNING: [Synth 8-614] signal 'Z' is read in the process but is not in the sensitivity list [C:/Users/SimWang/Documents/CPE233/RAT8/RAT_MCU_v2/RAT_MCU.srcs/sources_1/new/cz_flags.vhd:31]
WARNING: [Synth 8-614] signal 's_shad_c' is read in the process but is not in the sensitivity list [C:/Users/SimWang/Documents/CPE233/RAT8/RAT_MCU_v2/RAT_MCU.srcs/sources_1/new/cz_flags.vhd:31]
WARNING: [Synth 8-614] signal 's_shad_z' is read in the process but is not in the sensitivity list [C:/Users/SimWang/Documents/CPE233/RAT8/RAT_MCU_v2/RAT_MCU.srcs/sources_1/new/cz_flags.vhd:31]
INFO: [Synth 8-256] done synthesizing module 'cz_flags' (9#1) [C:/Users/SimWang/Documents/CPE233/RAT8/RAT_MCU_v2/RAT_MCU.srcs/sources_1/new/cz_flags.vhd:18]
INFO: [Synth 8-3491] module 'int_f' declared at 'C:/Users/SimWang/Documents/CPE233/RAT8/RAT_MCU_v2/RAT_MCU.srcs/sources_1/new/int_f.vhd:4' bound to instance 'i_f' of component 'int_f' [C:/Users/SimWang/Documents/CPE233/RAT8/RAT_MCU_v2/RAT_MCU.srcs/sources_1/new/MCU.vhd:349]
INFO: [Synth 8-638] synthesizing module 'int_f' [C:/Users/SimWang/Documents/CPE233/RAT8/RAT_MCU_v2/RAT_MCU.srcs/sources_1/new/int_f.vhd:11]
INFO: [Synth 8-256] done synthesizing module 'int_f' (10#1) [C:/Users/SimWang/Documents/CPE233/RAT8/RAT_MCU_v2/RAT_MCU.srcs/sources_1/new/int_f.vhd:11]
INFO: [Synth 8-3491] module 'stack_pointer' declared at 'C:/Users/SimWang/Documents/CPE233/RAT8/RAT_MCU_v2/RAT_MCU.srcs/sources_1/imports/Desktop/SP/SP.srcs/sources_1/new/stack_pointer.vhd:5' bound to instance 'stackpointer' of component 'stack_pointer' [C:/Users/SimWang/Documents/CPE233/RAT8/RAT_MCU_v2/RAT_MCU.srcs/sources_1/new/MCU.vhd:354]
INFO: [Synth 8-638] synthesizing module 'stack_pointer' [C:/Users/SimWang/Documents/CPE233/RAT8/RAT_MCU_v2/RAT_MCU.srcs/sources_1/imports/Desktop/SP/SP.srcs/sources_1/new/stack_pointer.vhd:16]
INFO: [Synth 8-256] done synthesizing module 'stack_pointer' (11#1) [C:/Users/SimWang/Documents/CPE233/RAT8/RAT_MCU_v2/RAT_MCU.srcs/sources_1/imports/Desktop/SP/SP.srcs/sources_1/new/stack_pointer.vhd:16]
INFO: [Synth 8-3491] module 'Scratch_RAM' declared at 'C:/Users/SimWang/Documents/CPE233/RAT8/RAT_MCU_v2/RAT_MCU.srcs/sources_1/imports/Desktop/REG_FILE/REG_FILE.srcs/sources_1/new/Scratch_RAM.vhd:5' bound to instance 'scratchram' of component 'Scratch_RAM' [C:/Users/SimWang/Documents/CPE233/RAT8/RAT_MCU_v2/RAT_MCU.srcs/sources_1/new/MCU.vhd:362]
INFO: [Synth 8-638] synthesizing module 'Scratch_RAM' [C:/Users/SimWang/Documents/CPE233/RAT8/RAT_MCU_v2/RAT_MCU.srcs/sources_1/imports/Desktop/REG_FILE/REG_FILE.srcs/sources_1/new/Scratch_RAM.vhd:13]
INFO: [Synth 8-256] done synthesizing module 'Scratch_RAM' (12#1) [C:/Users/SimWang/Documents/CPE233/RAT8/RAT_MCU_v2/RAT_MCU.srcs/sources_1/imports/Desktop/REG_FILE/REG_FILE.srcs/sources_1/new/Scratch_RAM.vhd:13]
INFO: [Synth 8-256] done synthesizing module 'MCU' (13#1) [C:/Users/SimWang/Documents/CPE233/RAT8/RAT_MCU_v2/RAT_MCU.srcs/sources_1/new/MCU.vhd:15]
INFO: [Synth 8-3491] module 'sseg_dec' declared at 'C:/Users/SimWang/Documents/CPE233/RAT8/RAT_MCU_v2/RAT_MCU.srcs/sources_1/imports/weise/Desktop/CPE133/sseg.vhd:22' bound to instance 'SSEG' of component 'sseg_dec' [C:/Users/SimWang/Documents/CPE233/RAT8/RAT_MCU_v2/RAT_MCU.srcs/sources_1/new/RAT_wrapper.vhd:109]
INFO: [Synth 8-638] synthesizing module 'sseg_dec' [C:/Users/SimWang/Documents/CPE233/RAT8/RAT_MCU_v2/RAT_MCU.srcs/sources_1/imports/weise/Desktop/CPE133/sseg.vhd:32]
INFO: [Synth 8-3491] module 'bin2bcdconv' declared at 'C:/Users/SimWang/Documents/CPE233/RAT8/RAT_MCU_v2/RAT_MCU.srcs/sources_1/imports/weise/Desktop/CPE133/sseg.vhd:136' bound to instance 'my_conv' of component 'bin2bcdconv' [C:/Users/SimWang/Documents/CPE233/RAT8/RAT_MCU_v2/RAT_MCU.srcs/sources_1/imports/weise/Desktop/CPE133/sseg.vhd:56]
INFO: [Synth 8-638] synthesizing module 'bin2bcdconv' [C:/Users/SimWang/Documents/CPE233/RAT8/RAT_MCU_v2/RAT_MCU.srcs/sources_1/imports/weise/Desktop/CPE133/sseg.vhd:146]
INFO: [Synth 8-256] done synthesizing module 'bin2bcdconv' (14#1) [C:/Users/SimWang/Documents/CPE233/RAT8/RAT_MCU_v2/RAT_MCU.srcs/sources_1/imports/weise/Desktop/CPE133/sseg.vhd:146]
INFO: [Synth 8-3491] module 'clk_div' declared at 'C:/Users/SimWang/Documents/CPE233/RAT8/RAT_MCU_v2/RAT_MCU.srcs/sources_1/imports/weise/Desktop/CPE133/sseg.vhd:236' bound to instance 'my_clk' of component 'clk_div' [C:/Users/SimWang/Documents/CPE233/RAT8/RAT_MCU_v2/RAT_MCU.srcs/sources_1/imports/weise/Desktop/CPE133/sseg.vhd:62]
INFO: [Synth 8-638] synthesizing module 'clk_div' [C:/Users/SimWang/Documents/CPE233/RAT8/RAT_MCU_v2/RAT_MCU.srcs/sources_1/imports/weise/Desktop/CPE133/sseg.vhd:241]
INFO: [Synth 8-256] done synthesizing module 'clk_div' (15#1) [C:/Users/SimWang/Documents/CPE233/RAT8/RAT_MCU_v2/RAT_MCU.srcs/sources_1/imports/weise/Desktop/CPE133/sseg.vhd:241]
INFO: [Synth 8-226] default block is never used [C:/Users/SimWang/Documents/CPE233/RAT8/RAT_MCU_v2/RAT_MCU.srcs/sources_1/imports/weise/Desktop/CPE133/sseg.vhd:112]
INFO: [Synth 8-256] done synthesizing module 'sseg_dec' (16#1) [C:/Users/SimWang/Documents/CPE233/RAT8/RAT_MCU_v2/RAT_MCU.srcs/sources_1/imports/weise/Desktop/CPE133/sseg.vhd:32]
INFO: [Synth 8-3491] module 'db_1shot_FSM' declared at 'C:/Users/SimWang/Documents/CPE233/RAT8/RAT_MCU_v2/RAT_MCU.srcs/sources_1/new/debounce_one_shot_FSM.vhd:26' bound to instance 'DB' of component 'db_1shot_FSM' [C:/Users/SimWang/Documents/CPE233/RAT8/RAT_MCU_v2/RAT_MCU.srcs/sources_1/new/RAT_wrapper.vhd:117]
INFO: [Synth 8-638] synthesizing module 'db_1shot_FSM' [C:/Users/SimWang/Documents/CPE233/RAT8/RAT_MCU_v2/RAT_MCU.srcs/sources_1/new/debounce_one_shot_FSM.vhd:32]
INFO: [Synth 8-3491] module 'counter' declared at 'C:/Users/SimWang/Documents/CPE233/RAT8/RAT_MCU_v2/RAT_MCU.srcs/sources_1/new/counter_for_one_shot.vhd:27' bound to instance 'bounce_counter' of component 'Counter' [C:/Users/SimWang/Documents/CPE233/RAT8/RAT_MCU_v2/RAT_MCU.srcs/sources_1/new/debounce_one_shot_FSM.vhd:60]
INFO: [Synth 8-638] synthesizing module 'counter' [C:/Users/SimWang/Documents/CPE233/RAT8/RAT_MCU_v2/RAT_MCU.srcs/sources_1/new/counter_for_one_shot.vhd:34]
INFO: [Synth 8-256] done synthesizing module 'counter' (17#1) [C:/Users/SimWang/Documents/CPE233/RAT8/RAT_MCU_v2/RAT_MCU.srcs/sources_1/new/counter_for_one_shot.vhd:34]
INFO: [Synth 8-256] done synthesizing module 'db_1shot_FSM' (18#1) [C:/Users/SimWang/Documents/CPE233/RAT8/RAT_MCU_v2/RAT_MCU.srcs/sources_1/new/debounce_one_shot_FSM.vhd:32]
INFO: [Synth 8-256] done synthesizing module 'RAT_wrapper' (19#1) [C:/Users/SimWang/Documents/CPE233/RAT8/RAT_MCU_v2/RAT_MCU.srcs/sources_1/new/RAT_wrapper.vhd:27]
WARNING: [Synth 8-3331] design ControlUnit has unconnected port I_SET
WARNING: [Synth 8-3331] design ControlUnit has unconnected port I_CLR
---------------------------------------------------------------------------------
Finished RTL Elaboration : Time (s): cpu = 00:00:14 ; elapsed = 00:00:09 . Memory (MB): peak = 1813.012 ; gain = 162.836
---------------------------------------------------------------------------------

Report Check Netlist: 
+------+------------------+-------+---------+-------+------------------+
|      |Item              |Errors |Warnings |Status |Description       |
+------+------------------+-------+---------+-------+------------------+
|1     |multi_driven_nets |      0|        0|Passed |Multi driven nets |
+------+------------------+-------+---------+-------+------------------+
---------------------------------------------------------------------------------
Start Handling Custom Attributes
---------------------------------------------------------------------------------
---------------------------------------------------------------------------------
Finished Handling Custom Attributes : Time (s): cpu = 00:00:14 ; elapsed = 00:00:09 . Memory (MB): peak = 1813.090 ; gain = 162.914
---------------------------------------------------------------------------------
---------------------------------------------------------------------------------
Finished RTL Optimization Phase 1 : Time (s): cpu = 00:00:14 ; elapsed = 00:00:09 . Memory (MB): peak = 1813.090 ; gain = 162.914
---------------------------------------------------------------------------------
INFO: [Netlist 29-17] Analyzing 1 Unisim elements for replacement
INFO: [Netlist 29-28] Unisim Transformation completed in 0 CPU seconds
INFO: [Device 21-403] Loading part xc7a35tcpg236-1
INFO: [Project 1-570] Preparing netlist for logic optimization

Processing XDC Constraints
Initializing timing engine
Parsing XDC File [C:/Users/SimWang/Documents/CPE233/RAT8/RAT_MCU_v2/RAT_MCU.srcs/constrs_1/new/RAT_Constraints.xdc]
Finished Parsing XDC File [C:/Users/SimWang/Documents/CPE233/RAT8/RAT_MCU_v2/RAT_MCU.srcs/constrs_1/new/RAT_Constraints.xdc]
Completed Processing XDC Constraints

INFO: [Opt 31-138] Pushed 0 inverter(s) to 0 load pin(s).
INFO: [Project 1-111] Unisim Transformation Summary:
  A total of 1 instances were transformed.
  RAMB16_S18 => RAMB18E1: 1 instances

RTL Elaboration Complete:  : Time (s): cpu = 00:01:05 ; elapsed = 00:00:57 . Memory (MB): peak = 2144.547 ; gain = 494.371
67 Infos, 9 Warnings, 0 Critical Warnings and 0 Errors encountered.
synth_design completed successfully
synth_design: Time (s): cpu = 00:01:05 ; elapsed = 00:00:58 . Memory (MB): peak = 2144.547 ; gain = 494.371
exit
INFO: [Common 17-206] Exiting Vivado at Sun Nov 18 21:45:36 2018...
